#
# A fatal error has been detected by the Java Runtime Environment:
#
#  EXCEPTION_ACCESS_VIOLATION (0xc0000005) at pc=0x00000000776a0895, pid=992, tid=2888
#
# JRE version: 6.0_35-b10
# Java VM: Java HotSpot(TM) 64-Bit Server VM (20.10-b01 mixed mode windows-amd64 compressed oops)
# Problematic frame:
# C  [ntdll.dll+0x50895]
#
# If you would like to submit a bug report, please visit:
#   http://java.sun.com/webapps/bugreport/crash.jsp
#

---------------  T H R E A D  ---------------

Current thread (0x00000000005da800):  JavaThread "main" [_thread_in_Java, id=2888, stack(0x0000000002660000,0x0000000002760000)]

siginfo: ExceptionCode=0xc0000005, reading address 0xffffffffffffffff

Registers:
RAX=0x000000000275bdb8, RBX=0x0000000000000002, RCX=0x000000000275be88, RDX=0x000000000275bdf8
RSP=0x000000000275bda8, RBP=0x000007fef0956ce0, RSI=0x0000000000000020, RDI=0x0000000000000000
R8 =0x000000000274d000, R9 =0x0000000000000003, R10=0x0000000000000000, R11=0x00000000000145f5
R12=0x0000000000000000, R13=0x0000000000000050, R14=0x0000000000000003, R15=0x00000000005da800
RIP=0x00000000776a0895, EFLAGS=0x0000000000010202

Top of Stack: (sp=0x000000000275bda8)
0x000000000275bda8:   0000000000000202 000000007765b239
0x000000000275bdb8:   000007fffffdc000 0000000000000510
0x000000000275bdc8:   000000006daa2996 00000000068e1860
0x000000000275bdd8:   00000000082a2fe0 0000000007eb0510
0x000000000275bde8:   0000000000000050 0000000007eb0510
0x000000000275bdf8:   0000000002760000 000000000274d000
0x000000000275be08:   0000000000000003 00000000068e1860
0x000000000275be18:   0000000000000003 0000000000000000
0x000000000275be28:   000000000275c030 000000006dabc608
0x000000000275be38:   0000000000000000 0000000300000000
0x000000000275be48:   000000000275c650 0000000002796fba
0x000000000275be58:   0000000002796f50 000000006dabcfc3
0x000000000275be68:   0000000000000000 000000000275c650
0x000000000275be78:   000000000275bfb8 0000000000000000
0x000000000275be88:   000000006d97f4f4 00000006fca4d23c
0x000000000275be98:   00000000000000c7 0000000007eb0510 

Instructions: (pc=0x00000000776a0895)
0x00000000776a0875:   d0 00 00 00 4c 89 a1 d8 00 00 00 4c 89 a9 e0 00
0x00000000776a0885:   00 00 4c 89 b1 e8 00 00 00 4c 89 b9 f0 00 00 00
0x00000000776a0895:   0f ae 81 00 01 00 00 0f 29 81 a0 01 00 00 0f 29
0x00000000776a08a5:   89 b0 01 00 00 0f 29 91 c0 01 00 00 0f 29 99 d0 


Register to memory mapping:

RAX=0x000000000275bdb8 is pointing into the stack for thread: 0x00000000005da800
RBX=0x0000000000000002 is an unknown value
RCX=0x000000000275be88 is pointing into the stack for thread: 0x00000000005da800
RDX=0x000000000275bdf8 is pointing into the stack for thread: 0x00000000005da800
RSP=0x000000000275bda8 is pointing into the stack for thread: 0x00000000005da800
RBP=0x000007fef0956ce0 is an unknown value
RSI=0x0000000000000020 is an unknown value
RDI=0x0000000000000000 is an unknown value
R8 =0x000000000274d000 is pointing into the stack for thread: 0x00000000005da800
R9 =0x0000000000000003 is an unknown value
R10=0x0000000000000000 is an unknown value
R11=0x00000000000145f5 is an unknown value
R12=0x0000000000000000 is an unknown value
R13=0x0000000000000050 is an unknown value
R14=0x0000000000000003 is an unknown value
R15=0x00000000005da800 is a thread


Stack: [0x0000000002660000,0x0000000002760000],  sp=0x000000000275bda8,  free space=1007k
Native frames: (J=compiled Java code, j=interpreted, Vv=VM code, C=native code)
C  [ntdll.dll+0x50895]  RtlCaptureContext+0x85

Java frames: (J=compiled Java code, j=interpreted, Vv=VM code)
v  blob 0x000000000279707f
j  sun.misc.URLClassPath$JarLoader.ensureOpen()V+4
j  sun.misc.URLClassPath$JarLoader.getResource(Ljava/lang/String;Z)Lsun/misc/Resource;+21
j  sun.misc.URLClassPath.getResource(Ljava/lang/String;Z)Lsun/misc/Resource;+53
j  sun.misc.URLClassPath.getResource(Ljava/lang/String;)Lsun/misc/Resource;+3
j  java.lang.ClassLoader.getBootstrapResource(Ljava/lang/String;)Ljava/net/URL;+15
j  java.lang.ClassLoader.getResource(Ljava/lang/String;)Ljava/net/URL;+20
j  java.lang.ClassLoader.getResource(Ljava/lang/String;)Ljava/net/URL;+12
j  java.lang.ClassLoader.getResourceAsStream(Ljava/lang/String;)Ljava/io/InputStream;+2
j  java.util.ResourceBundle$RBClassLoader.getResourceAsStream(Ljava/lang/String;)Ljava/io/InputStream;+10
j  java.util.ResourceBundle$Control$1.run()Ljava/io/InputStream;+55
j  java.util.ResourceBundle$Control$1.run()Ljava/lang/Object;+1
v  ~StubRoutines::call_stub
j  java.security.AccessController.doPrivileged(Ljava/security/PrivilegedExceptionAction;)Ljava/lang/Object;+0
j  java.util.ResourceBundle$Control.newBundle(Ljava/lang/String;Ljava/util/Locale;Ljava/lang/String;Ljava/lang/ClassLoader;Z)Ljava/util/ResourceBundle;+136
j  java.util.ResourceBundle.loadBundle(Ljava/util/ResourceBundle$CacheKey;Ljava/util/List;Ljava/util/ResourceBundle$Control;Z)Ljava/util/ResourceBundle;+54
j  java.util.ResourceBundle.findBundle(Ljava/util/ResourceBundle$CacheKey;Ljava/util/List;Ljava/util/List;ILjava/util/ResourceBundle$Control;Ljava/util/ResourceBundle;)Ljava/util/ResourceBundle;+213
j  java.util.ResourceBundle.findBundle(Ljava/util/ResourceBundle$CacheKey;Ljava/util/List;Ljava/util/List;ILjava/util/ResourceBundle$Control;Ljava/util/ResourceBundle;)Ljava/util/ResourceBundle;+37
j  java.util.ResourceBundle.findBundle(Ljava/util/ResourceBundle$CacheKey;Ljava/util/List;Ljava/util/List;ILjava/util/ResourceBundle$Control;Ljava/util/ResourceBundle;)Ljava/util/ResourceBundle;+37
j  java.util.ResourceBundle.getBundleImpl(Ljava/lang/String;Ljava/util/Locale;Ljava/lang/ClassLoader;Ljava/util/ResourceBundle$Control;)Ljava/util/ResourceBundle;+187
j  java.util.ResourceBundle.getBundle(Ljava/lang/String;Ljava/util/Locale;)Ljava/util/ResourceBundle;+8
j  com.sun.org.apache.xerces.internal.impl.xpath.regex.RegexParser.setLocale(Ljava/util/Locale;)V+4
j  com.sun.org.apache.xerces.internal.impl.xpath.regex.RegexParser.<init>()V+23
j  com.sun.org.apache.xerces.internal.impl.xpath.regex.ParserForXMLSchema.<init>()V+1
j  com.sun.org.apache.xerces.internal.impl.xpath.regex.RegularExpression.setPattern(Ljava/lang/String;I)V+27
j  com.sun.org.apache.xerces.internal.impl.xpath.regex.RegularExpression.setPattern(Ljava/lang/String;Ljava/lang/String;)V+6
j  com.sun.org.apache.xerces.internal.impl.xpath.regex.RegularExpression.<init>(Ljava/lang/String;Ljava/lang/String;)V+42
j  com.sun.org.apache.xerces.internal.impl.dv.xs.XSSimpleTypeDecl.applyFacets(Lcom/sun/org/apache/xerces/internal/impl/dv/XSFacets;SSSLcom/sun/org/apache/xerces/internal/impl/dv/ValidationContext;)V+350
j  com.sun.org.apache.xerces.internal.impl.dv.xs.XSSimpleTypeDecl.applyFacets1(Lcom/sun/org/apache/xerces/internal/impl/dv/XSFacets;SS)V+8
j  com.sun.org.apache.xerces.internal.impl.dv.xs.SchemaDVFactoryImpl.createBuiltInTypes()V+1305
j  com.sun.org.apache.xerces.internal.impl.dv.xs.SchemaDVFactoryImpl.<clinit>()V+10
v  ~StubRoutines::call_stub
j  sun.reflect.NativeConstructorAccessorImpl.newInstance0(Ljava/lang/reflect/Constructor;[Ljava/lang/Object;)Ljava/lang/Object;+0
j  sun.reflect.NativeConstructorAccessorImpl.newInstance([Ljava/lang/Object;)Ljava/lang/Object;+72
j  sun.reflect.DelegatingConstructorAccessorImpl.newInstance([Ljava/lang/Object;)Ljava/lang/Object;+5
j  java.lang.reflect.Constructor.newInstance([Ljava/lang/Object;)Ljava/lang/Object;+92
j  java.lang.Class.newInstance0()Ljava/lang/Object;+118
j  java.lang.Class.newInstance()Ljava/lang/Object;+15
j  com.sun.org.apache.xerces.internal.utils.ObjectFactory.newInstance(Ljava/lang/String;Ljava/lang/ClassLoader;Z)Ljava/lang/Object;+8
j  com.sun.org.apache.xerces.internal.utils.ObjectFactory.newInstance(Ljava/lang/String;Z)Ljava/lang/Object;+18
j  com.sun.org.apache.xerces.internal.impl.dv.SchemaDVFactory.getInstance(Ljava/lang/String;)Lcom/sun/org/apache/xerces/internal/impl/dv/SchemaDVFactory;+2
j  com.sun.org.apache.xerces.internal.impl.dv.SchemaDVFactory.getInstance()Lcom/sun/org/apache/xerces/internal/impl/dv/SchemaDVFactory;+2
j  com.sun.org.apache.xerces.internal.impl.xs.SchemaGrammar$BuiltinSchemaGrammar.<init>(I)V+4
j  com.sun.org.apache.xerces.internal.impl.xs.SchemaGrammar.<clinit>()V+15
v  ~StubRoutines::call_stub
j  com.sun.org.apache.xerces.internal.impl.xs.XMLSchemaValidator.<init>()V+244
j  com.sun.org.apache.xerces.internal.parsers.XML11Configuration.configurePipeline()V+479
j  com.sun.org.apache.xerces.internal.parsers.XIncludeAwareParserConfiguration.configurePipeline()V+1
j  com.sun.org.apache.xerces.internal.parsers.XML11Configuration.parse(Z)Z+64
j  com.sun.org.apache.xerces.internal.parsers.XML11Configuration.parse(Lcom/sun/org/apache/xerces/internal/xni/parser/XMLInputSource;)V+29
j  com.sun.org.apache.xerces.internal.parsers.XMLParser.parse(Lcom/sun/org/apache/xerces/internal/xni/parser/XMLInputSource;)V+9
j  com.sun.org.apache.xerces.internal.parsers.DOMParser.parse(Lorg/xml/sax/InputSource;)V+43
j  com.sun.org.apache.xerces.internal.jaxp.DocumentBuilderImpl.parse(Lorg/xml/sax/InputSource;)Lorg/w3c/dom/Document;+50
j  org.springframework.beans.factory.xml.DefaultDocumentLoader.loadDocument(Lorg/xml/sax/InputSource;Lorg/xml/sax/EntityResolver;Lorg/xml/sax/ErrorHandler;IZ)Lorg/w3c/dom/Document;+70
j  org.springframework.beans.factory.xml.XmlBeanDefinitionReader.doLoadBeanDefinitions(Lorg/xml/sax/InputSource;Lorg/springframework/core/io/Resource;)I+24
j  org.springframework.beans.factory.xml.XmlBeanDefinitionReader.loadBeanDefinitions(Lorg/springframework/core/io/support/EncodedResource;)I+162
j  org.springframework.beans.factory.xml.XmlBeanDefinitionReader.loadBeanDefinitions(Lorg/springframework/core/io/Resource;)I+9
j  org.springframework.beans.factory.support.AbstractBeanDefinitionReader.loadBeanDefinitions([Lorg/springframework/core/io/Resource;)I+30
j  org.springframework.beans.factory.support.AbstractBeanDefinitionReader.loadBeanDefinitions(Ljava/lang/String;Ljava/util/Set;)I+60
j  org.springframework.beans.factory.support.AbstractBeanDefinitionReader.loadBeanDefinitions(Ljava/lang/String;)I+3
j  org.springframework.beans.factory.support.AbstractBeanDefinitionReader.loadBeanDefinitions([Ljava/lang/String;)I+30
j  org.springframework.context.support.AbstractXmlApplicationContext.loadBeanDefinitions(Lorg/springframework/beans/factory/xml/XmlBeanDefinitionReader;)V+26
j  org.springframework.context.support.AbstractXmlApplicationContext.loadBeanDefinitions(Lorg/springframework/beans/factory/support/DefaultListableBeanFactory;)V+41
j  org.springframework.context.support.AbstractRefreshableApplicationContext.refreshBeanFactory()V+35
j  org.springframework.context.support.AbstractApplicationContext.obtainFreshBeanFactory()Lorg/springframework/beans/factory/config/ConfigurableListableBeanFactory;+1
j  org.springframework.context.support.AbstractApplicationContext.refresh()V+12
j  org.springframework.context.support.ClassPathXmlApplicationContext.<init>([Ljava/lang/String;ZLorg/springframework/context/ApplicationContext;)V+15
j  org.springframework.context.support.ClassPathXmlApplicationContext.<init>(Ljava/lang/String;)V+11
j  com.lv.tica.Main.main([Ljava/lang/String;)V+16
v  ~StubRoutines::call_stub

---------------  P R O C E S S  ---------------

Java Threads: ( => current thread )
  0x00000000069d4800 JavaThread "Low Memory Detector" daemon [_thread_blocked, id=6104, stack(0x0000000007720000,0x0000000007820000)]
  0x00000000069c9000 JavaThread "C2 CompilerThread1" daemon [_thread_blocked, id=5372, stack(0x0000000007620000,0x0000000007720000)]
  0x00000000069c2000 JavaThread "C2 CompilerThread0" daemon [_thread_blocked, id=6012, stack(0x0000000007520000,0x0000000007620000)]
  0x00000000069bd000 JavaThread "Attach Listener" daemon [_thread_blocked, id=4304, stack(0x0000000007420000,0x0000000007520000)]
  0x00000000069b1800 JavaThread "Signal Dispatcher" daemon [_thread_blocked, id=2592, stack(0x0000000007320000,0x0000000007420000)]
  0x00000000068fe800 JavaThread "Finalizer" daemon [_thread_blocked, id=5108, stack(0x0000000007220000,0x0000000007320000)]
  0x00000000068f7800 JavaThread "Reference Handler" daemon [_thread_blocked, id=2188, stack(0x0000000007120000,0x0000000007220000)]
=>0x00000000005da800 JavaThread "main" [_thread_in_Java, id=2888, stack(0x0000000002660000,0x0000000002760000)]

Other Threads:
  0x00000000068e3800 VMThread [stack: 0x0000000007020000,0x0000000007120000] [id=5692]
  0x0000000006a01800 WatcherThread [stack: 0x0000000007820000,0x0000000007920000] [id=5420]

VM state:not at safepoint (normal execution)

VM Mutex/Monitor currently owned by a thread: None

Heap
 PSYoungGen      total 75968K, used 19610K [0x00000007ab360000, 0x00000007b0820000, 0x0000000800000000)
  eden space 65152K, 30% used [0x00000007ab360000,0x00000007ac6869e8,0x00000007af300000)
  from space 10816K, 0% used [0x00000007afd90000,0x00000007afd90000,0x00000007b0820000)
  to   space 10816K, 0% used [0x00000007af300000,0x00000007af300000,0x00000007afd90000)
 PSOldGen        total 173632K, used 0K [0x0000000701a00000, 0x000000070c390000, 0x00000007ab360000)
  object space 173632K, 0% used [0x0000000701a00000,0x0000000701a00000,0x000000070c390000)
 PSPermGen       total 21248K, used 9716K [0x00000006fc800000, 0x00000006fdcc0000, 0x0000000701a00000)
  object space 21248K, 45% used [0x00000006fc800000,0x00000006fd17d370,0x00000006fdcc0000)

Code Cache  [0x0000000002760000, 0x00000000029d0000, 0x0000000005760000)
 total_blobs=291 nmethods=48 adapters=197 free_code_cache=49773184 largest_free_block=13760

Dynamic libraries:
0x0000000000400000 - 0x000000000042f000 	C:\Program Files\Java\jdk1.6.0_35\bin\javaw.exe
0x0000000077650000 - 0x00000000777f9000 	C:\Windows\SYSTEM32\ntdll.dll
0x0000000077070000 - 0x000000007718f000 	C:\Windows\system32\kernel32.dll
0x000007fefdb60000 - 0x000007fefdbcc000 	C:\Windows\system32\KERNELBASE.dll
0x000007feff530000 - 0x000007feff60b000 	C:\Windows\system32\ADVAPI32.dll
0x000007feff1e0000 - 0x000007feff27f000 	C:\Windows\system32\msvcrt.dll
0x000007feff3e0000 - 0x000007feff3ff000 	C:\Windows\SYSTEM32\sechost.dll
0x000007feff830000 - 0x000007feff95d000 	C:\Windows\system32\RPCRT4.dll
0x0000000076f70000 - 0x000000007706a000 	C:\Windows\system32\USER32.dll
0x000007fefe190000 - 0x000007fefe1f7000 	C:\Windows\system32\GDI32.dll
0x000007fefe210000 - 0x000007fefe21e000 	C:\Windows\system32\LPK.dll
0x000007feff6c0000 - 0x000007feff789000 	C:\Windows\system32\USP10.dll
0x000007fefd940000 - 0x000007fefd997000 	C:\Windows\system32\apphelp.dll
0x000007fef08d0000 - 0x000007fef0d37000 	C:\Windows\AppPatch\AppPatch64\AcXtrnal.DLL
0x000007feff690000 - 0x000007feff6be000 	C:\Windows\system32\IMM32.DLL
0x000007feff420000 - 0x000007feff529000 	C:\Windows\system32\MSCTF.dll
0x000000006d8b0000 - 0x000000006e069000 	C:\Program Files\Java\jdk1.6.0_35\jre\bin\server\jvm.dll
0x000007fefbb70000 - 0x000007fefbbab000 	C:\Windows\system32\WINMM.dll
0x000000006d820000 - 0x000000006d82e000 	C:\Program Files\Java\jdk1.6.0_35\jre\bin\verify.dll
0x000000006d450000 - 0x000000006d477000 	C:\Program Files\Java\jdk1.6.0_35\jre\bin\java.dll
0x000000006d870000 - 0x000000006d882000 	C:\Program Files\Java\jdk1.6.0_35\jre\bin\zip.dll
0x000000006d6b0000 - 0x000000006d6c7000 	C:\Program Files\Java\jdk1.6.0_35\jre\bin\net.dll
0x000007fefe220000 - 0x000007fefe26d000 	C:\Windows\system32\WS2_32.dll
0x00000000003c0000 - 0x00000000003c8000 	C:\Windows\system32\NSI.dll
0x000007fefd3d0000 - 0x000007fefd425000 	C:\Windows\system32\mswsock.dll
0x000007fefd5b0000 - 0x000007fefd5b7000 	C:\Windows\System32\wship6.dll
0x000007fefb9a0000 - 0x000007fefb9b5000 	C:\Windows\system32\NLAapi.dll
0x000007fef9f00000 - 0x000007fef9f15000 	C:\Windows\system32\napinsp.dll
0x000007fef9f20000 - 0x000007fef9f39000 	C:\Windows\system32\pnrpnsp.dll
0x000007fefd130000 - 0x000007fefd18b000 	C:\Windows\system32\DNSAPI.dll
0x000007fef9ef0000 - 0x000007fef9efb000 	C:\Windows\System32\winrnr.dll
0x000007fefccd0000 - 0x000007fefccd7000 	C:\Windows\System32\wshtcpip.dll
0x000007fefaee0000 - 0x000007fefaf07000 	C:\Windows\system32\IPHLPAPI.DLL
0x000007fefaed0000 - 0x000007fefaedb000 	C:\Windows\system32\WINNSI.DLL
0x000007fefa000000 - 0x000007fefa008000 	C:\Windows\system32\rasadhlp.dll
0x000007fefa670000 - 0x000007fefa6c3000 	C:\Windows\System32\fwpuclnt.dll
0x0000000077820000 - 0x0000000077827000 	C:\Windows\system32\PSAPI.DLL

VM Arguments:
jvm_args: -Dfile.encoding=Cp1252 
java_command: com.lv.tica.Main
Launcher Type: SUN_STANDARD

Environment Variables:
JAVA_HOME=C:\Program Files (x86)\Java\jdk1.6.0_21
PATH=C:\java\gradle-1.2\bin;C:\Program Files (x86)\Serena\vm\win32\bin;C:\Program Files (x86)\Serena\vm\common\bin\win32;C:\Program Files (x86)\Serena\vm\common\bin\win32\;C:\Program Files\Java\j2sdk1.4.2_17\bin;C:\oracle\product\10.2.0\client_10g\BIN\;C:\Program Files (x86)\Java\jdk1.6.0_21\bin;C:\groovy\groovy-1.8.2\bin;C:\java\maven\apache-maven-3.0.2/bin;C:\PROGRA~2\CA\SC\etpki\lib;C:\Program Files (x86)\CA\SharedComponents\PEC\bin;C:\Windows\system32;C:\Windows;C:\Windows\System32\Wbem;C:\Windows\System32\WindowsPowerShell\v1.0\;C:\Program Files (x86)\Hummingbird\Connectivity\12.00\Accessories\;C:\Program Files (x86)\CA\Cryptography\;C:\Program Files\Microsoft Network Monitor 3\;c:\oracle\instantclient_11_2;C:\Program Files\TortoiseSVN\bin;c:\jruby-1.6.2\bin;C:\Program Files (x86)\CA\SCM
USERNAME=lv20002
OS=Windows_NT
PROCESSOR_IDENTIFIER=Intel64 Family 6 Model 42 Stepping 7, GenuineIntel



---------------  S Y S T E M  ---------------

OS: Windows 7 , 64 bit Build 7601 Service Pack 1

CPU:total 4 (4 cores per cpu, 1 threads per core) family 6 model 42 stepping 7, cmov, cx8, fxsr, mmx, sse, sse2, sse3, ssse3, sse4.1, sse4.2, popcnt

Memory: 4k page, physical 16662556k(12743600k free), swap 33323264k(28853868k free)

vm_info: Java HotSpot(TM) 64-Bit Server VM (20.10-b01) for windows-amd64 JRE (1.6.0_35-b10), built on Aug 28 2012 16:50:10 by "java_re" with MS VC++ 8.0 (VS2005)

time: Fri Oct 05 13:18:33 2012
elapsed time: 0 seconds

